0 info it worked if it ends with ok
1 verbose cli [ 'C:\\Program Files\\nodejs\\node.exe',
1 verbose cli   'C:\\Program Files\\nodejs\\node_modules\\npm\\bin\\npm-cli.js',
1 verbose cli   'install' ]
2 info using npm@3.10.10
3 info using node@v6.11.3
4 silly loadCurrentTree Starting
5 silly install loadCurrentTree
6 silly install readLocalPackageData
7 silly install normalizeTree
8 silly loadCurrentTree Finishing
9 silly loadIdealTree Starting
10 silly install loadIdealTree
11 silly cloneCurrentTree Starting
12 silly install cloneCurrentTreeToIdealTree
13 silly cloneCurrentTree Finishing
14 silly loadShrinkwrap Starting
15 silly install loadShrinkwrap
16 silly loadShrinkwrap Finishing
17 silly loadAllDepsIntoIdealTree Starting
18 silly install loadAllDepsIntoIdealTree
19 silly fetchNamedPackageData bcrypt
20 silly mapToRegistry name bcrypt
21 silly mapToRegistry using default registry
22 silly mapToRegistry registry https://registry.npmjs.org/
23 silly mapToRegistry data Result {
23 silly mapToRegistry   raw: 'bcrypt',
23 silly mapToRegistry   scope: null,
23 silly mapToRegistry   escapedName: 'bcrypt',
23 silly mapToRegistry   name: 'bcrypt',
23 silly mapToRegistry   rawSpec: '',
23 silly mapToRegistry   spec: 'latest',
23 silly mapToRegistry   type: 'tag' }
24 silly mapToRegistry uri https://registry.npmjs.org/bcrypt
25 silly fetchNamedPackageData fs
26 silly mapToRegistry name fs
27 silly mapToRegistry using default registry
28 silly mapToRegistry registry https://registry.npmjs.org/
29 silly mapToRegistry data Result {
29 silly mapToRegistry   raw: 'fs',
29 silly mapToRegistry   scope: null,
29 silly mapToRegistry   escapedName: 'fs',
29 silly mapToRegistry   name: 'fs',
29 silly mapToRegistry   rawSpec: '',
29 silly mapToRegistry   spec: 'latest',
29 silly mapToRegistry   type: 'tag' }
30 silly mapToRegistry uri https://registry.npmjs.org/fs
31 silly fetchNamedPackageData kafka-node
32 silly mapToRegistry name kafka-node
33 silly mapToRegistry using default registry
34 silly mapToRegistry registry https://registry.npmjs.org/
35 silly mapToRegistry data Result {
35 silly mapToRegistry   raw: 'kafka-node',
35 silly mapToRegistry   scope: null,
35 silly mapToRegistry   escapedName: 'kafka-node',
35 silly mapToRegistry   name: 'kafka-node',
35 silly mapToRegistry   rawSpec: '',
35 silly mapToRegistry   spec: 'latest',
35 silly mapToRegistry   type: 'tag' }
36 silly mapToRegistry uri https://registry.npmjs.org/kafka-node
37 silly fetchNamedPackageData mongo
38 silly mapToRegistry name mongo
39 silly mapToRegistry using default registry
40 silly mapToRegistry registry https://registry.npmjs.org/
41 silly mapToRegistry data Result {
41 silly mapToRegistry   raw: 'mongo',
41 silly mapToRegistry   scope: null,
41 silly mapToRegistry   escapedName: 'mongo',
41 silly mapToRegistry   name: 'mongo',
41 silly mapToRegistry   rawSpec: '',
41 silly mapToRegistry   spec: 'latest',
41 silly mapToRegistry   type: 'tag' }
42 silly mapToRegistry uri https://registry.npmjs.org/mongo
43 silly fetchNamedPackageData mongodb
44 silly mapToRegistry name mongodb
45 silly mapToRegistry using default registry
46 silly mapToRegistry registry https://registry.npmjs.org/
47 silly mapToRegistry data Result {
47 silly mapToRegistry   raw: 'mongodb',
47 silly mapToRegistry   scope: null,
47 silly mapToRegistry   escapedName: 'mongodb',
47 silly mapToRegistry   name: 'mongodb',
47 silly mapToRegistry   rawSpec: '',
47 silly mapToRegistry   spec: 'latest',
47 silly mapToRegistry   type: 'tag' }
48 silly mapToRegistry uri https://registry.npmjs.org/mongodb
49 silly fetchNamedPackageData passport
50 silly mapToRegistry name passport
51 silly mapToRegistry using default registry
52 silly mapToRegistry registry https://registry.npmjs.org/
53 silly mapToRegistry data Result {
53 silly mapToRegistry   raw: 'passport',
53 silly mapToRegistry   scope: null,
53 silly mapToRegistry   escapedName: 'passport',
53 silly mapToRegistry   name: 'passport',
53 silly mapToRegistry   rawSpec: '',
53 silly mapToRegistry   spec: 'latest',
53 silly mapToRegistry   type: 'tag' }
54 silly mapToRegistry uri https://registry.npmjs.org/passport
55 silly fetchNamedPackageData passport-local
56 silly mapToRegistry name passport-local
57 silly mapToRegistry using default registry
58 silly mapToRegistry registry https://registry.npmjs.org/
59 silly mapToRegistry data Result {
59 silly mapToRegistry   raw: 'passport-local',
59 silly mapToRegistry   scope: null,
59 silly mapToRegistry   escapedName: 'passport-local',
59 silly mapToRegistry   name: 'passport-local',
59 silly mapToRegistry   rawSpec: '',
59 silly mapToRegistry   spec: 'latest',
59 silly mapToRegistry   type: 'tag' }
60 silly mapToRegistry uri https://registry.npmjs.org/passport-local
61 verbose request uri https://registry.npmjs.org/mongo
62 verbose request no auth needed
63 info attempt registry request try #1 at 9:09:50 PM
64 verbose request id ff04fe0ded307be8
65 http request GET https://registry.npmjs.org/mongo
66 verbose request uri https://registry.npmjs.org/fs
67 verbose request no auth needed
68 info attempt registry request try #1 at 9:09:50 PM
69 verbose etag W/"59d4bff4-dc2"
70 verbose lastModified Wed, 04 Oct 2017 11:03:16 GMT
71 http request GET https://registry.npmjs.org/fs
72 verbose request uri https://registry.npmjs.org/bcrypt
73 verbose request no auth needed
74 info attempt registry request try #1 at 9:09:50 PM
75 verbose etag W/"5a032b19-18002"
76 verbose lastModified Wed, 08 Nov 2017 16:04:41 GMT
77 http request GET https://registry.npmjs.org/bcrypt
78 verbose request uri https://registry.npmjs.org/passport
79 verbose request no auth needed
80 info attempt registry request try #1 at 9:09:50 PM
81 verbose etag W/"59f3eceb-b99b"
82 verbose lastModified Sat, 28 Oct 2017 02:35:23 GMT
83 http request GET https://registry.npmjs.org/passport
84 verbose request uri https://registry.npmjs.org/kafka-node
85 verbose request no auth needed
86 info attempt registry request try #1 at 9:09:50 PM
87 verbose etag W/"59e07637-2b977"
88 verbose lastModified Fri, 13 Oct 2017 08:15:51 GMT
89 http request GET https://registry.npmjs.org/kafka-node
90 verbose request uri https://registry.npmjs.org/passport-local
91 verbose request no auth needed
92 info attempt registry request try #1 at 9:09:50 PM
93 verbose etag W/"59ecd390-38d4"
94 verbose lastModified Sun, 22 Oct 2017 17:21:20 GMT
95 http request GET https://registry.npmjs.org/passport-local
96 http 304 https://registry.npmjs.org/fs
97 verbose headers { date: 'Mon, 13 Nov 2017 05:09:50 GMT',
97 verbose headers   via: '1.1 varnish',
97 verbose headers   'cache-control': 'max-age=300',
97 verbose headers   etag: 'W/"59d4bff4-dc2"',
97 verbose headers   age: '7',
97 verbose headers   connection: 'keep-alive',
97 verbose headers   'x-served-by': 'cache-sjc3625-SJC',
97 verbose headers   'x-cache': 'HIT',
97 verbose headers   'x-cache-hits': '1',
97 verbose headers   'x-timer': 'S1510549790.487351,VS0,VE1',
97 verbose headers   vary: 'Accept-Encoding, Accept' }
98 silly get cb [ 304,
98 silly get   { date: 'Mon, 13 Nov 2017 05:09:50 GMT',
98 silly get     via: '1.1 varnish',
98 silly get     'cache-control': 'max-age=300',
98 silly get     etag: 'W/"59d4bff4-dc2"',
98 silly get     age: '7',
98 silly get     connection: 'keep-alive',
98 silly get     'x-served-by': 'cache-sjc3625-SJC',
98 silly get     'x-cache': 'HIT',
98 silly get     'x-cache-hits': '1',
98 silly get     'x-timer': 'S1510549790.487351,VS0,VE1',
98 silly get     vary: 'Accept-Encoding, Accept' } ]
99 verbose etag https://registry.npmjs.org/fs from cache
100 verbose get saving fs to C:\Users\Anurag\AppData\Roaming\npm-cache\registry.npmjs.org\fs\.cache.json
101 verbose correctMkdir C:\Users\Anurag\AppData\Roaming\npm-cache correctMkdir not in flight; initializing
102 verbose request uri https://registry.npmjs.org/mongodb
103 verbose request no auth needed
104 info attempt registry request try #1 at 9:09:50 PM
105 verbose etag W/"5a0609ea-9a3e9"
106 verbose lastModified Fri, 10 Nov 2017 20:19:54 GMT
107 http request GET https://registry.npmjs.org/mongodb
108 http 200 https://registry.npmjs.org/mongo
109 verbose headers { server: 'nginx/1.10.1',
109 verbose headers   'content-type': 'application/json',
109 verbose headers   'last-modified': 'Sat, 09 Sep 2017 07:23:55 GMT',
109 verbose headers   etag: 'W/"59b3970b-4f6"',
109 verbose headers   'content-encoding': 'gzip',
109 verbose headers   'cache-control': 'max-age=300',
109 verbose headers   'content-length': '597',
109 verbose headers   'accept-ranges': 'bytes',
109 verbose headers   date: 'Mon, 13 Nov 2017 05:09:50 GMT',
109 verbose headers   via: '1.1 varnish',
109 verbose headers   age: '0',
109 verbose headers   connection: 'keep-alive',
109 verbose headers   'x-served-by': 'cache-sjc3144-SJC',
109 verbose headers   'x-cache': 'MISS',
109 verbose headers   'x-cache-hits': '0',
109 verbose headers   'x-timer': 'S1510549790.469002,VS0,VE21',
109 verbose headers   vary: 'Accept-Encoding, Accept' }
110 silly get cb [ 200,
110 silly get   { server: 'nginx/1.10.1',
110 silly get     'content-type': 'application/json',
110 silly get     'last-modified': 'Sat, 09 Sep 2017 07:23:55 GMT',
110 silly get     etag: 'W/"59b3970b-4f6"',
110 silly get     'content-encoding': 'gzip',
110 silly get     'cache-control': 'max-age=300',
110 silly get     'content-length': '597',
110 silly get     'accept-ranges': 'bytes',
110 silly get     date: 'Mon, 13 Nov 2017 05:09:50 GMT',
110 silly get     via: '1.1 varnish',
110 silly get     age: '0',
110 silly get     connection: 'keep-alive',
110 silly get     'x-served-by': 'cache-sjc3144-SJC',
110 silly get     'x-cache': 'MISS',
110 silly get     'x-cache-hits': '0',
110 silly get     'x-timer': 'S1510549790.469002,VS0,VE21',
110 silly get     vary: 'Accept-Encoding, Accept' } ]
111 verbose get saving mongo to C:\Users\Anurag\AppData\Roaming\npm-cache\registry.npmjs.org\mongo\.cache.json
112 verbose correctMkdir C:\Users\Anurag\AppData\Roaming\npm-cache correctMkdir not in flight; initializing
113 http 304 https://registry.npmjs.org/bcrypt
114 verbose headers { date: 'Mon, 13 Nov 2017 05:09:50 GMT',
114 verbose headers   via: '1.1 varnish',
114 verbose headers   'cache-control': 'max-age=300',
114 verbose headers   etag: 'W/"5a032b19-18002"',
114 verbose headers   age: '0',
114 verbose headers   connection: 'keep-alive',
114 verbose headers   'x-served-by': 'cache-sjc3122-SJC',
114 verbose headers   'x-cache': 'HIT',
114 verbose headers   'x-cache-hits': '1',
114 verbose headers   'x-timer': 'S1510549791.503040,VS0,VE21',
114 verbose headers   vary: 'Accept-Encoding, Accept' }
115 silly get cb [ 304,
115 silly get   { date: 'Mon, 13 Nov 2017 05:09:50 GMT',
115 silly get     via: '1.1 varnish',
115 silly get     'cache-control': 'max-age=300',
115 silly get     etag: 'W/"5a032b19-18002"',
115 silly get     age: '0',
115 silly get     connection: 'keep-alive',
115 silly get     'x-served-by': 'cache-sjc3122-SJC',
115 silly get     'x-cache': 'HIT',
115 silly get     'x-cache-hits': '1',
115 silly get     'x-timer': 'S1510549791.503040,VS0,VE21',
115 silly get     vary: 'Accept-Encoding, Accept' } ]
116 verbose etag https://registry.npmjs.org/bcrypt from cache
117 verbose get saving bcrypt to C:\Users\Anurag\AppData\Roaming\npm-cache\registry.npmjs.org\bcrypt\.cache.json
118 verbose correctMkdir C:\Users\Anurag\AppData\Roaming\npm-cache correctMkdir not in flight; initializing
119 http 304 https://registry.npmjs.org/mongodb
120 verbose headers { date: 'Mon, 13 Nov 2017 05:09:50 GMT',
120 verbose headers   via: '1.1 varnish',
120 verbose headers   'cache-control': 'max-age=300',
120 verbose headers   etag: 'W/"5a0609ea-9a3e9"',
120 verbose headers   age: '254',
120 verbose headers   connection: 'keep-alive',
120 verbose headers   'x-served-by': 'cache-sjc3625-SJC',
120 verbose headers   'x-cache': 'HIT',
120 verbose headers   'x-cache-hits': '1',
120 verbose headers   'x-timer': 'S1510549791.529633,VS0,VE1',
120 verbose headers   vary: 'Accept-Encoding, Accept' }
121 silly get cb [ 304,
121 silly get   { date: 'Mon, 13 Nov 2017 05:09:50 GMT',
121 silly get     via: '1.1 varnish',
121 silly get     'cache-control': 'max-age=300',
121 silly get     etag: 'W/"5a0609ea-9a3e9"',
121 silly get     age: '254',
121 silly get     connection: 'keep-alive',
121 silly get     'x-served-by': 'cache-sjc3625-SJC',
121 silly get     'x-cache': 'HIT',
121 silly get     'x-cache-hits': '1',
121 silly get     'x-timer': 'S1510549791.529633,VS0,VE1',
121 silly get     vary: 'Accept-Encoding, Accept' } ]
122 verbose etag https://registry.npmjs.org/mongodb from cache
123 verbose get saving mongodb to C:\Users\Anurag\AppData\Roaming\npm-cache\registry.npmjs.org\mongodb\.cache.json
124 verbose correctMkdir C:\Users\Anurag\AppData\Roaming\npm-cache correctMkdir not in flight; initializing
125 http 200 https://registry.npmjs.org/passport-local
126 verbose headers { server: 'nginx/1.10.1',
126 verbose headers   'content-type': 'application/json',
126 verbose headers   'last-modified': 'Fri, 03 Nov 2017 19:55:10 GMT',
126 verbose headers   etag: 'W/"59fcc99e-38df"',
126 verbose headers   'content-encoding': 'gzip',
126 verbose headers   'cache-control': 'max-age=300',
126 verbose headers   'content-length': '3046',
126 verbose headers   'accept-ranges': 'bytes',
126 verbose headers   date: 'Mon, 13 Nov 2017 05:09:50 GMT',
126 verbose headers   via: '1.1 varnish',
126 verbose headers   age: '28',
126 verbose headers   connection: 'keep-alive',
126 verbose headers   'x-served-by': 'cache-sjc3141-SJC',
126 verbose headers   'x-cache': 'HIT',
126 verbose headers   'x-cache-hits': '2',
126 verbose headers   'x-timer': 'S1510549791.530218,VS0,VE0',
126 verbose headers   vary: 'Accept-Encoding, Accept' }
127 silly get cb [ 200,
127 silly get   { server: 'nginx/1.10.1',
127 silly get     'content-type': 'application/json',
127 silly get     'last-modified': 'Fri, 03 Nov 2017 19:55:10 GMT',
127 silly get     etag: 'W/"59fcc99e-38df"',
127 silly get     'content-encoding': 'gzip',
127 silly get     'cache-control': 'max-age=300',
127 silly get     'content-length': '3046',
127 silly get     'accept-ranges': 'bytes',
127 silly get     date: 'Mon, 13 Nov 2017 05:09:50 GMT',
127 silly get     via: '1.1 varnish',
127 silly get     age: '28',
127 silly get     connection: 'keep-alive',
127 silly get     'x-served-by': 'cache-sjc3141-SJC',
127 silly get     'x-cache': 'HIT',
127 silly get     'x-cache-hits': '2',
127 silly get     'x-timer': 'S1510549791.530218,VS0,VE0',
127 silly get     vary: 'Accept-Encoding, Accept' } ]
128 verbose get saving passport-local to C:\Users\Anurag\AppData\Roaming\npm-cache\registry.npmjs.org\passport-local\.cache.json
129 verbose correctMkdir C:\Users\Anurag\AppData\Roaming\npm-cache correctMkdir not in flight; initializing
130 silly resolveWithNewModule fs@0.0.0 checking installable status
131 silly cache add args [ 'fs@*', null ]
132 verbose cache add spec fs@*
133 silly cache add parsed spec Result {
133 silly cache add   raw: 'fs@*',
133 silly cache add   scope: null,
133 silly cache add   escapedName: 'fs',
133 silly cache add   name: 'fs',
133 silly cache add   rawSpec: '*',
133 silly cache add   spec: '*',
133 silly cache add   type: 'range' }
134 silly addNamed fs@*
135 verbose addNamed "*" is a valid semver range for fs
136 silly addNameRange { name: 'fs', range: '*', hasData: false }
137 silly mapToRegistry name fs
138 silly mapToRegistry using default registry
139 silly mapToRegistry registry https://registry.npmjs.org/
140 silly mapToRegistry data Result {
140 silly mapToRegistry   raw: 'fs',
140 silly mapToRegistry   scope: null,
140 silly mapToRegistry   escapedName: 'fs',
140 silly mapToRegistry   name: 'fs',
140 silly mapToRegistry   rawSpec: '',
140 silly mapToRegistry   spec: 'latest',
140 silly mapToRegistry   type: 'tag' }
141 silly mapToRegistry uri https://registry.npmjs.org/fs
142 verbose addNameRange registry:https://registry.npmjs.org/fs not in flight; fetching
143 http 200 https://registry.npmjs.org/passport
144 verbose headers { server: 'nginx/1.10.3',
144 verbose headers   'content-type': 'application/json',
144 verbose headers   'last-modified': 'Fri, 10 Nov 2017 10:02:41 GMT',
144 verbose headers   etag: 'W/"5a057941-b9ee"',
144 verbose headers   'content-encoding': 'gzip',
144 verbose headers   'cache-control': 'max-age=300',
144 verbose headers   'content-length': '9088',
144 verbose headers   'accept-ranges': 'bytes',
144 verbose headers   date: 'Mon, 13 Nov 2017 05:09:50 GMT',
144 verbose headers   via: '1.1 varnish',
144 verbose headers   age: '0',
144 verbose headers   connection: 'keep-alive',
144 verbose headers   'x-served-by': 'cache-sjc3125-SJC',
144 verbose headers   'x-cache': 'HIT',
144 verbose headers   'x-cache-hits': '1',
144 verbose headers   'x-timer': 'S1510549791.511403,VS0,VE22',
144 verbose headers   vary: 'Accept-Encoding, Accept' }
145 silly get cb [ 200,
145 silly get   { server: 'nginx/1.10.3',
145 silly get     'content-type': 'application/json',
145 silly get     'last-modified': 'Fri, 10 Nov 2017 10:02:41 GMT',
145 silly get     etag: 'W/"5a057941-b9ee"',
145 silly get     'content-encoding': 'gzip',
145 silly get     'cache-control': 'max-age=300',
145 silly get     'content-length': '9088',
145 silly get     'accept-ranges': 'bytes',
145 silly get     date: 'Mon, 13 Nov 2017 05:09:50 GMT',
145 silly get     via: '1.1 varnish',
145 silly get     age: '0',
145 silly get     connection: 'keep-alive',
145 silly get     'x-served-by': 'cache-sjc3125-SJC',
145 silly get     'x-cache': 'HIT',
145 silly get     'x-cache-hits': '1',
145 silly get     'x-timer': 'S1510549791.511403,VS0,VE22',
145 silly get     vary: 'Accept-Encoding, Accept' } ]
146 verbose get saving passport to C:\Users\Anurag\AppData\Roaming\npm-cache\registry.npmjs.org\passport\.cache.json
147 verbose correctMkdir C:\Users\Anurag\AppData\Roaming\npm-cache correctMkdir not in flight; initializing
148 silly resolveWithNewModule bcrypt@1.0.3 checking installable status
149 silly cache add args [ 'bcrypt@^1.0.3', null ]
150 verbose cache add spec bcrypt@^1.0.3
151 silly cache add parsed spec Result {
151 silly cache add   raw: 'bcrypt@^1.0.3',
151 silly cache add   scope: null,
151 silly cache add   escapedName: 'bcrypt',
151 silly cache add   name: 'bcrypt',
151 silly cache add   rawSpec: '^1.0.3',
151 silly cache add   spec: '>=1.0.3 <2.0.0',
151 silly cache add   type: 'range' }
152 silly addNamed bcrypt@>=1.0.3 <2.0.0
153 verbose addNamed ">=1.0.3 <2.0.0" is a valid semver range for bcrypt
154 silly addNameRange { name: 'bcrypt', range: '>=1.0.3 <2.0.0', hasData: false }
155 silly mapToRegistry name bcrypt
156 silly mapToRegistry using default registry
157 silly mapToRegistry registry https://registry.npmjs.org/
158 silly mapToRegistry data Result {
158 silly mapToRegistry   raw: 'bcrypt',
158 silly mapToRegistry   scope: null,
158 silly mapToRegistry   escapedName: 'bcrypt',
158 silly mapToRegistry   name: 'bcrypt',
158 silly mapToRegistry   rawSpec: '',
158 silly mapToRegistry   spec: 'latest',
158 silly mapToRegistry   type: 'tag' }
159 silly mapToRegistry uri https://registry.npmjs.org/bcrypt
160 verbose addNameRange registry:https://registry.npmjs.org/bcrypt not in flight; fetching
161 silly resolveWithNewModule mongo@0.1.0 checking installable status
162 silly cache add args [ 'mongo@^0.1.0', null ]
163 verbose cache add spec mongo@^0.1.0
164 silly cache add parsed spec Result {
164 silly cache add   raw: 'mongo@^0.1.0',
164 silly cache add   scope: null,
164 silly cache add   escapedName: 'mongo',
164 silly cache add   name: 'mongo',
164 silly cache add   rawSpec: '^0.1.0',
164 silly cache add   spec: '>=0.1.0 <0.2.0',
164 silly cache add   type: 'range' }
165 silly addNamed mongo@>=0.1.0 <0.2.0
166 verbose addNamed ">=0.1.0 <0.2.0" is a valid semver range for mongo
167 silly addNameRange { name: 'mongo', range: '>=0.1.0 <0.2.0', hasData: false }
168 silly mapToRegistry name mongo
169 silly mapToRegistry using default registry
170 silly mapToRegistry registry https://registry.npmjs.org/
171 silly mapToRegistry data Result {
171 silly mapToRegistry   raw: 'mongo',
171 silly mapToRegistry   scope: null,
171 silly mapToRegistry   escapedName: 'mongo',
171 silly mapToRegistry   name: 'mongo',
171 silly mapToRegistry   rawSpec: '',
171 silly mapToRegistry   spec: 'latest',
171 silly mapToRegistry   type: 'tag' }
172 silly mapToRegistry uri https://registry.npmjs.org/mongo
173 verbose addNameRange registry:https://registry.npmjs.org/mongo not in flight; fetching
174 http 304 https://registry.npmjs.org/kafka-node
175 verbose headers { date: 'Mon, 13 Nov 2017 05:09:50 GMT',
175 verbose headers   via: '1.1 varnish',
175 verbose headers   'cache-control': 'max-age=300',
175 verbose headers   etag: 'W/"59e07637-2b977"',
175 verbose headers   age: '0',
175 verbose headers   connection: 'keep-alive',
175 verbose headers   'x-served-by': 'cache-sjc3651-SJC',
175 verbose headers   'x-cache': 'HIT',
175 verbose headers   'x-cache-hits': '1',
175 verbose headers   'x-timer': 'S1510549790.497042,VS0,VE84',
175 verbose headers   vary: 'Accept-Encoding, Accept' }
176 silly get cb [ 304,
176 silly get   { date: 'Mon, 13 Nov 2017 05:09:50 GMT',
176 silly get     via: '1.1 varnish',
176 silly get     'cache-control': 'max-age=300',
176 silly get     etag: 'W/"59e07637-2b977"',
176 silly get     age: '0',
176 silly get     connection: 'keep-alive',
176 silly get     'x-served-by': 'cache-sjc3651-SJC',
176 silly get     'x-cache': 'HIT',
176 silly get     'x-cache-hits': '1',
176 silly get     'x-timer': 'S1510549790.497042,VS0,VE84',
176 silly get     vary: 'Accept-Encoding, Accept' } ]
177 verbose etag https://registry.npmjs.org/kafka-node from cache
178 verbose get saving kafka-node to C:\Users\Anurag\AppData\Roaming\npm-cache\registry.npmjs.org\kafka-node\.cache.json
179 verbose correctMkdir C:\Users\Anurag\AppData\Roaming\npm-cache correctMkdir not in flight; initializing
180 verbose get https://registry.npmjs.org/fs not expired, no request
181 silly addNameRange number 2 { name: 'fs', range: '*', hasData: true }
182 silly addNameRange versions [ 'fs', [ '0.0.1-security', '0.0.0', '0.0.2' ] ]
183 silly addNamed fs@0.0.2
184 verbose addNamed "0.0.2" is a plain semver version for fs
185 silly resolveWithNewModule mongodb@2.2.33 checking installable status
186 silly cache add args [ 'mongodb@^2.2.33', null ]
187 verbose cache add spec mongodb@^2.2.33
188 silly cache add parsed spec Result {
188 silly cache add   raw: 'mongodb@^2.2.33',
188 silly cache add   scope: null,
188 silly cache add   escapedName: 'mongodb',
188 silly cache add   name: 'mongodb',
188 silly cache add   rawSpec: '^2.2.33',
188 silly cache add   spec: '>=2.2.33 <3.0.0',
188 silly cache add   type: 'range' }
189 silly addNamed mongodb@>=2.2.33 <3.0.0
190 verbose addNamed ">=2.2.33 <3.0.0" is a valid semver range for mongodb
191 silly addNameRange { name: 'mongodb', range: '>=2.2.33 <3.0.0', hasData: false }
192 silly mapToRegistry name mongodb
193 silly mapToRegistry using default registry
194 silly mapToRegistry registry https://registry.npmjs.org/
195 silly mapToRegistry data Result {
195 silly mapToRegistry   raw: 'mongodb',
195 silly mapToRegistry   scope: null,
195 silly mapToRegistry   escapedName: 'mongodb',
195 silly mapToRegistry   name: 'mongodb',
195 silly mapToRegistry   rawSpec: '',
195 silly mapToRegistry   spec: 'latest',
195 silly mapToRegistry   type: 'tag' }
196 silly mapToRegistry uri https://registry.npmjs.org/mongodb
197 verbose addNameRange registry:https://registry.npmjs.org/mongodb not in flight; fetching
198 silly resolveWithNewModule passport-local@1.0.0 checking installable status
199 silly cache add args [ 'passport-local@^1.0.0', null ]
200 verbose cache add spec passport-local@^1.0.0
201 silly cache add parsed spec Result {
201 silly cache add   raw: 'passport-local@^1.0.0',
201 silly cache add   scope: null,
201 silly cache add   escapedName: 'passport-local',
201 silly cache add   name: 'passport-local',
201 silly cache add   rawSpec: '^1.0.0',
201 silly cache add   spec: '>=1.0.0 <2.0.0',
201 silly cache add   type: 'range' }
202 silly addNamed passport-local@>=1.0.0 <2.0.0
203 verbose addNamed ">=1.0.0 <2.0.0" is a valid semver range for passport-local
204 silly addNameRange { name: 'passport-local',
204 silly addNameRange   range: '>=1.0.0 <2.0.0',
204 silly addNameRange   hasData: false }
205 silly mapToRegistry name passport-local
206 silly mapToRegistry using default registry
207 silly mapToRegistry registry https://registry.npmjs.org/
208 silly mapToRegistry data Result {
208 silly mapToRegistry   raw: 'passport-local',
208 silly mapToRegistry   scope: null,
208 silly mapToRegistry   escapedName: 'passport-local',
208 silly mapToRegistry   name: 'passport-local',
208 silly mapToRegistry   rawSpec: '',
208 silly mapToRegistry   spec: 'latest',
208 silly mapToRegistry   type: 'tag' }
209 silly mapToRegistry uri https://registry.npmjs.org/passport-local
210 verbose addNameRange registry:https://registry.npmjs.org/passport-local not in flight; fetching
211 verbose get https://registry.npmjs.org/bcrypt not expired, no request
212 silly addNameRange number 2 { name: 'bcrypt', range: '>=1.0.3 <2.0.0', hasData: true }
213 silly addNameRange versions [ 'bcrypt',
213 silly addNameRange   [ '0.1.2',
213 silly addNameRange     '0.2.0',
213 silly addNameRange     '0.2.1',
213 silly addNameRange     '0.1.3',
213 silly addNameRange     '0.2.2',
213 silly addNameRange     '0.2.3',
213 silly addNameRange     '0.2.4',
213 silly addNameRange     '0.3.0',
213 silly addNameRange     '0.3.1',
213 silly addNameRange     '0.3.2',
213 silly addNameRange     '0.4.0',
213 silly addNameRange     '0.4.1',
213 silly addNameRange     '0.5.0',
213 silly addNameRange     '0.6.0',
213 silly addNameRange     '0.7.0',
213 silly addNameRange     '0.7.1',
213 silly addNameRange     '0.7.2',
213 silly addNameRange     '0.7.3',
213 silly addNameRange     '0.7.4',
213 silly addNameRange     '0.7.5',
213 silly addNameRange     '0.7.6',
213 silly addNameRange     '0.7.7',
213 silly addNameRange     '0.7.8',
213 silly addNameRange     '0.8.0',
213 silly addNameRange     '0.8.1',
213 silly addNameRange     '0.8.2',
213 silly addNameRange     '0.8.3',
213 silly addNameRange     '0.8.4',
213 silly addNameRange     '0.8.5',
213 silly addNameRange     '0.8.6',
213 silly addNameRange     '0.8.7',
213 silly addNameRange     '1.0.0',
213 silly addNameRange     '1.0.1',
213 silly addNameRange     '1.0.2',
213 silly addNameRange     '1.0.3' ] ]
214 silly addNamed bcrypt@1.0.3
215 verbose addNamed "1.0.3" is a plain semver version for bcrypt
216 verbose get https://registry.npmjs.org/mongo not expired, no request
217 silly addNameRange number 2 { name: 'mongo', range: '>=0.1.0 <0.2.0', hasData: true }
218 silly addNameRange versions [ 'mongo', [ '0.1.0' ] ]
219 silly addNamed mongo@0.1.0
220 verbose addNamed "0.1.0" is a plain semver version for mongo
221 silly mapToRegistry name mongo
222 silly mapToRegistry using default registry
223 silly mapToRegistry registry https://registry.npmjs.org/
224 silly mapToRegistry data Result {
224 silly mapToRegistry   raw: 'mongo',
224 silly mapToRegistry   scope: null,
224 silly mapToRegistry   escapedName: 'mongo',
224 silly mapToRegistry   name: 'mongo',
224 silly mapToRegistry   rawSpec: '',
224 silly mapToRegistry   spec: 'latest',
224 silly mapToRegistry   type: 'tag' }
225 silly mapToRegistry uri https://registry.npmjs.org/mongo
226 verbose addRemoteTarball https://registry.npmjs.org/mongo/-/mongo-0.1.0.tgz not in flight; adding
227 verbose addRemoteTarball [ 'https://registry.npmjs.org/mongo/-/mongo-0.1.0.tgz',
227 verbose addRemoteTarball   'c8af0f8df98d4894b772b37342987c3becf3718c' ]
228 verbose get https://registry.npmjs.org/mongodb not expired, no request
229 silly addNameRange number 2 { name: 'mongodb', range: '>=2.2.33 <3.0.0', hasData: true }
230 silly addNameRange versions [ 'mongodb',
230 silly addNameRange   [ '0.9.4',
230 silly addNameRange     '0.9.4-4',
230 silly addNameRange     '0.9.3',
230 silly addNameRange     '0.9.1',
230 silly addNameRange     '0.9.2',
230 silly addNameRange     '0.9.6-7',
230 silly addNameRange     '0.9.6-8',
230 silly addNameRange     '0.9.6-9',
230 silly addNameRange     '0.9.6-10',
230 silly addNameRange     '0.9.6-11',
230 silly addNameRange     '0.9.6-12',
230 silly addNameRange     '0.9.6-13',
230 silly addNameRange     '0.9.6-14',
230 silly addNameRange     '0.9.6-15',
230 silly addNameRange     '0.9.6-16',
230 silly addNameRange     '0.9.6-17',
230 silly addNameRange     '0.9.6-18',
230 silly addNameRange     '0.9.6-19',
230 silly addNameRange     '0.9.6-20',
230 silly addNameRange     '0.9.6-21',
230 silly addNameRange     '0.9.6-22',
230 silly addNameRange     '0.9.6-23',
230 silly addNameRange     '0.9.7',
230 silly addNameRange     '0.9.7-0',
230 silly addNameRange     '0.9.7-1',
230 silly addNameRange     '0.9.7-1.1',
230 silly addNameRange     '0.9.7-1.2',
230 silly addNameRange     '0.9.7-1.3',
230 silly addNameRange     '0.9.7-1.4',
230 silly addNameRange     '0.9.7-2',
230 silly addNameRange     '0.9.7-2-1',
230 silly addNameRange     '0.9.7-2-2',
230 silly addNameRange     '0.9.7-2-3',
230 silly addNameRange     '0.9.7-2-4',
230 silly addNameRange     '0.9.7-2-5',
230 silly addNameRange     '0.9.7-3',
230 silly addNameRange     '0.9.7-3-1',
230 silly addNameRange     '0.9.7-3-2',
230 silly addNameRange     '0.9.7-3-3',
230 silly addNameRange     '0.9.7-3-4',
230 silly addNameRange     '0.9.7-3-5',
230 silly addNameRange     '0.9.8',
230 silly addNameRange     '0.9.8-1',
230 silly addNameRange     '0.9.8-2',
230 silly addNameRange     '0.9.8-3',
230 silly addNameRange     '0.9.8-4',
230 silly addNameRange     '0.9.8-5',
230 silly addNameRange     '0.9.8-6',
230 silly addNameRange     '0.9.8-7',
230 silly addNameRange     '0.9.9',
230 silly addNameRange     '0.9.9-1',
230 silly addNameRange     '0.9.9-2',
230 silly addNameRange     '0.9.9-3',
230 silly addNameRange     '0.9.9-4',
230 silly addNameRange     '0.9.9-5',
230 silly addNameRange     '0.9.9-6',
230 silly addNameRange     '0.9.9-7',
230 silly addNameRange     '0.9.9-8',
230 silly addNameRange     '1.0.0',
230 silly addNameRange     '1.0.1',
230 silly addNameRange     '1.0.2',
230 silly addNameRange     '1.1.0-beta',
230 silly addNameRange     '1.1.0',
230 silly addNameRange     '1.1.1',
230 silly addNameRange     '1.1.2',
230 silly addNameRange     '1.1.3',
230 silly addNameRange     '1.1.4',
230 silly addNameRange     '1.1.5',
230 silly addNameRange     '1.1.6',
230 silly addNameRange     '1.1.7',
230 silly addNameRange     '1.1.8',
230 silly addNameRange     '1.1.9',
230 silly addNameRange     '1.1.10',
230 silly addNameRange     '1.1.11',
230 silly addNameRange     '1.2.0',
230 silly addNameRange     '1.2.1',
230 silly addNameRange     '1.2.2',
230 silly addNameRange     '1.2.3',
230 silly addNameRange     '1.2.4',
230 silly addNameRange     '1.2.5',
230 silly addNameRange     '1.2.6',
230 silly addNameRange     '1.2.7',
230 silly addNameRange     '1.2.8',
230 silly addNameRange     '1.2.9',
230 silly addNameRange     '1.2.10',
230 silly addNameRange     '1.2.11',
230 silly addNameRange     '1.2.12',
230 silly addNameRange     '1.2.13',
230 silly addNameRange     '1.2.14',
230 silly addNameRange     '1.3.0',
230 silly addNameRange     '1.3.1',
230 silly addNameRange     '1.3.2',
230 silly addNameRange     '1.3.3',
230 silly addNameRange     '1.3.4',
230 silly addNameRange     '1.3.5',
230 silly addNameRange     '1.3.6',
230 silly addNameRange     '1.3.7',
230 silly addNameRange     '1.3.8',
230 silly addNameRange     '1.3.9',
230 silly addNameRange     '1.3.10',
230 silly addNameRange     ... 181 more items ] ]
231 silly addNamed mongodb@2.2.33
232 verbose addNamed "2.2.33" is a plain semver version for mongodb
233 verbose get https://registry.npmjs.org/passport-local not expired, no request
234 silly addNameRange number 2 { name: 'passport-local',
234 silly addNameRange   range: '>=1.0.0 <2.0.0',
234 silly addNameRange   hasData: true }
235 silly addNameRange versions [ 'passport-local',
235 silly addNameRange   [ '0.1.0',
235 silly addNameRange     '0.1.1',
235 silly addNameRange     '0.1.2',
235 silly addNameRange     '0.1.3',
235 silly addNameRange     '0.1.4',
235 silly addNameRange     '0.1.5',
235 silly addNameRange     '0.1.6',
235 silly addNameRange     '1.0.0' ] ]
236 silly addNamed passport-local@1.0.0
237 verbose addNamed "1.0.0" is a plain semver version for passport-local
238 silly resolveWithNewModule passport@0.4.0 checking installable status
239 silly cache add args [ 'passport@^0.4.0', null ]
240 verbose cache add spec passport@^0.4.0
241 silly cache add parsed spec Result {
241 silly cache add   raw: 'passport@^0.4.0',
241 silly cache add   scope: null,
241 silly cache add   escapedName: 'passport',
241 silly cache add   name: 'passport',
241 silly cache add   rawSpec: '^0.4.0',
241 silly cache add   spec: '>=0.4.0 <0.5.0',
241 silly cache add   type: 'range' }
242 silly addNamed passport@>=0.4.0 <0.5.0
243 verbose addNamed ">=0.4.0 <0.5.0" is a valid semver range for passport
244 silly addNameRange { name: 'passport', range: '>=0.4.0 <0.5.0', hasData: false }
245 silly mapToRegistry name passport
246 silly mapToRegistry using default registry
247 silly mapToRegistry registry https://registry.npmjs.org/
248 silly mapToRegistry data Result {
248 silly mapToRegistry   raw: 'passport',
248 silly mapToRegistry   scope: null,
248 silly mapToRegistry   escapedName: 'passport',
248 silly mapToRegistry   name: 'passport',
248 silly mapToRegistry   rawSpec: '',
248 silly mapToRegistry   spec: 'latest',
248 silly mapToRegistry   type: 'tag' }
249 silly mapToRegistry uri https://registry.npmjs.org/passport
250 verbose addNameRange registry:https://registry.npmjs.org/passport not in flight; fetching
251 silly cache afterAdd bcrypt@1.0.3
252 verbose afterAdd C:\Users\Anurag\AppData\Roaming\npm-cache\bcrypt\1.0.3\package\package.json not in flight; writing
253 verbose correctMkdir C:\Users\Anurag\AppData\Roaming\npm-cache correctMkdir not in flight; initializing
254 silly cache afterAdd fs@0.0.2
255 verbose afterAdd C:\Users\Anurag\AppData\Roaming\npm-cache\fs\0.0.2\package\package.json not in flight; writing
256 verbose correctMkdir C:\Users\Anurag\AppData\Roaming\npm-cache correctMkdir not in flight; initializing
257 silly resolveWithNewModule kafka-node@2.2.3 checking installable status
258 silly cache add args [ 'kafka-node@^2.2.3', null ]
259 verbose cache add spec kafka-node@^2.2.3
260 silly cache add parsed spec Result {
260 silly cache add   raw: 'kafka-node@^2.2.3',
260 silly cache add   scope: null,
260 silly cache add   escapedName: 'kafka-node',
260 silly cache add   name: 'kafka-node',
260 silly cache add   rawSpec: '^2.2.3',
260 silly cache add   spec: '>=2.2.3 <3.0.0',
260 silly cache add   type: 'range' }
261 silly addNamed kafka-node@>=2.2.3 <3.0.0
262 verbose addNamed ">=2.2.3 <3.0.0" is a valid semver range for kafka-node
263 silly addNameRange { name: 'kafka-node', range: '>=2.2.3 <3.0.0', hasData: false }
264 silly mapToRegistry name kafka-node
265 silly mapToRegistry using default registry
266 silly mapToRegistry registry https://registry.npmjs.org/
267 silly mapToRegistry data Result {
267 silly mapToRegistry   raw: 'kafka-node',
267 silly mapToRegistry   scope: null,
267 silly mapToRegistry   escapedName: 'kafka-node',
267 silly mapToRegistry   name: 'kafka-node',
267 silly mapToRegistry   rawSpec: '',
267 silly mapToRegistry   spec: 'latest',
267 silly mapToRegistry   type: 'tag' }
268 silly mapToRegistry uri https://registry.npmjs.org/kafka-node
269 verbose addNameRange registry:https://registry.npmjs.org/kafka-node not in flight; fetching
270 info retry fetch attempt 1 at 9:09:50 PM
271 info attempt registry request try #1 at 9:09:50 PM
272 http fetch GET https://registry.npmjs.org/mongo/-/mongo-0.1.0.tgz
273 verbose get https://registry.npmjs.org/passport not expired, no request
274 silly addNameRange number 2 { name: 'passport', range: '>=0.4.0 <0.5.0', hasData: true }
275 silly addNameRange versions [ 'passport',
275 silly addNameRange   [ '0.1.0',
275 silly addNameRange     '0.1.1',
275 silly addNameRange     '0.1.2',
275 silly addNameRange     '0.1.3',
275 silly addNameRange     '0.1.4',
275 silly addNameRange     '0.1.5',
275 silly addNameRange     '0.1.6',
275 silly addNameRange     '0.1.7',
275 silly addNameRange     '0.1.8',
275 silly addNameRange     '0.1.9',
275 silly addNameRange     '0.1.10',
275 silly addNameRange     '0.1.11',
275 silly addNameRange     '0.1.12',
275 silly addNameRange     '0.1.13',
275 silly addNameRange     '0.1.14',
275 silly addNameRange     '0.1.15',
275 silly addNameRange     '0.1.16',
275 silly addNameRange     '0.1.17',
275 silly addNameRange     '0.1.18',
275 silly addNameRange     '0.2.0',
275 silly addNameRange     '0.2.1',
275 silly addNameRange     '0.2.2',
275 silly addNameRange     '0.3.0',
275 silly addNameRange     '0.3.1',
275 silly addNameRange     '0.3.2',
275 silly addNameRange     '0.4.0' ] ]
276 silly addNamed passport@0.4.0
277 verbose addNamed "0.4.0" is a plain semver version for passport
278 verbose get https://registry.npmjs.org/kafka-node not expired, no request
279 silly addNameRange number 2 { name: 'kafka-node', range: '>=2.2.3 <3.0.0', hasData: true }
280 silly addNameRange versions [ 'kafka-node',
280 silly addNameRange   [ '0.0.1',
280 silly addNameRange     '0.0.2',
280 silly addNameRange     '0.0.3',
280 silly addNameRange     '0.0.4',
280 silly addNameRange     '0.0.5',
280 silly addNameRange     '0.0.6',
280 silly addNameRange     '0.0.7',
280 silly addNameRange     '0.0.8',
280 silly addNameRange     '0.0.9',
280 silly addNameRange     '0.1.0',
280 silly addNameRange     '0.1.1',
280 silly addNameRange     '0.1.2',
280 silly addNameRange     '0.1.3',
280 silly addNameRange     '0.1.4',
280 silly addNameRange     '0.1.5',
280 silly addNameRange     '0.1.6',
280 silly addNameRange     '0.1.7',
280 silly addNameRange     '0.1.8',
280 silly addNameRange     '0.1.9',
280 silly addNameRange     '0.2.0',
280 silly addNameRange     '0.2.1',
280 silly addNameRange     '0.2.2',
280 silly addNameRange     '0.2.3',
280 silly addNameRange     '0.2.4',
280 silly addNameRange     '0.2.5',
280 silly addNameRange     '0.2.6',
280 silly addNameRange     '0.2.7',
280 silly addNameRange     '0.2.8',
280 silly addNameRange     '0.2.9',
280 silly addNameRange     '0.2.10',
280 silly addNameRange     '0.2.11',
280 silly addNameRange     '0.2.12',
280 silly addNameRange     '0.2.13',
280 silly addNameRange     '0.2.14',
280 silly addNameRange     '0.2.15',
280 silly addNameRange     '0.2.16',
280 silly addNameRange     '0.2.17',
280 silly addNameRange     '0.2.18',
280 silly addNameRange     '0.2.19',
280 silly addNameRange     '0.2.20',
280 silly addNameRange     '0.2.21',
280 silly addNameRange     '0.2.22',
280 silly addNameRange     '0.2.23',
280 silly addNameRange     '0.2.24',
280 silly addNameRange     '0.2.25',
280 silly addNameRange     '0.2.26',
280 silly addNameRange     '0.2.27',
280 silly addNameRange     '0.2.28',
280 silly addNameRange     '0.2.29',
280 silly addNameRange     '0.2.30',
280 silly addNameRange     '0.3.0',
280 silly addNameRange     '0.3.1',
280 silly addNameRange     '0.3.2',
280 silly addNameRange     '0.3.3',
280 silly addNameRange     '0.4.0',
280 silly addNameRange     '0.5.0',
280 silly addNameRange     '0.5.1',
280 silly addNameRange     '0.5.2',
280 silly addNameRange     '0.5.3',
280 silly addNameRange     '0.5.4',
280 silly addNameRange     '0.5.5',
280 silly addNameRange     '0.5.6',
280 silly addNameRange     '0.5.7',
280 silly addNameRange     '0.5.8',
280 silly addNameRange     '0.5.9',
280 silly addNameRange     '1.0.0',
280 silly addNameRange     '1.0.1',
280 silly addNameRange     '1.0.2',
280 silly addNameRange     '1.0.3',
280 silly addNameRange     '1.0.4',
280 silly addNameRange     '1.0.5',
280 silly addNameRange     '1.0.6',
280 silly addNameRange     '1.0.7',
280 silly addNameRange     '1.1.0',
280 silly addNameRange     '1.2.0',
280 silly addNameRange     '1.2.1',
280 silly addNameRange     '1.3.0',
280 silly addNameRange     '1.3.1',
280 silly addNameRange     '1.3.2',
280 silly addNameRange     '1.3.3',
280 silly addNameRange     '1.3.4',
280 silly addNameRange     '1.4.0',
280 silly addNameRange     '1.5.0',
280 silly addNameRange     '1.6.0',
280 silly addNameRange     '1.6.1',
280 silly addNameRange     '1.6.2',
280 silly addNameRange     '2.0.0',
280 silly addNameRange     '2.0.1',
280 silly addNameRange     '2.1.0',
280 silly addNameRange     '2.2.0',
280 silly addNameRange     '2.2.1',
280 silly addNameRange     '2.2.2',
280 silly addNameRange     '2.2.3' ] ]
281 silly addNamed kafka-node@2.2.3
282 verbose addNamed "2.2.3" is a plain semver version for kafka-node
283 http fetch 200 https://registry.npmjs.org/mongo/-/mongo-0.1.0.tgz
284 verbose afterAdd C:\Users\Anurag\AppData\Roaming\npm-cache\bcrypt\1.0.3\package\package.json written
285 silly cache afterAdd mongodb@2.2.33
286 verbose afterAdd C:\Users\Anurag\AppData\Roaming\npm-cache\mongodb\2.2.33\package\package.json not in flight; writing
287 verbose correctMkdir C:\Users\Anurag\AppData\Roaming\npm-cache correctMkdir not in flight; initializing
288 verbose afterAdd C:\Users\Anurag\AppData\Roaming\npm-cache\fs\0.0.2\package\package.json written
289 silly cache afterAdd passport-local@1.0.0
290 verbose afterAdd C:\Users\Anurag\AppData\Roaming\npm-cache\passport-local\1.0.0\package\package.json not in flight; writing
291 verbose correctMkdir C:\Users\Anurag\AppData\Roaming\npm-cache correctMkdir not in flight; initializing
292 silly fetchAndShaCheck shasum c8af0f8df98d4894b772b37342987c3becf3718c
293 verbose addTmpTarball C:\Users\Anurag\AppData\Local\Temp\npm-8784-d4f53d29\registry.npmjs.org\mongo\-\mongo-0.1.0.tgz not in flight; adding
294 verbose addTmpTarball already have metadata; skipping unpack for mongo@0.1.0
295 verbose correctMkdir C:\Users\Anurag\AppData\Roaming\npm-cache correctMkdir not in flight; initializing
296 verbose afterAdd C:\Users\Anurag\AppData\Roaming\npm-cache\mongodb\2.2.33\package\package.json written
297 verbose afterAdd C:\Users\Anurag\AppData\Roaming\npm-cache\passport-local\1.0.0\package\package.json written
298 silly cache afterAdd passport@0.4.0
299 verbose afterAdd C:\Users\Anurag\AppData\Roaming\npm-cache\passport\0.4.0\package\package.json not in flight; writing
300 verbose correctMkdir C:\Users\Anurag\AppData\Roaming\npm-cache correctMkdir not in flight; initializing
301 silly cache afterAdd kafka-node@2.2.3
302 verbose afterAdd C:\Users\Anurag\AppData\Roaming\npm-cache\kafka-node\2.2.3\package\package.json not in flight; writing
303 verbose correctMkdir C:\Users\Anurag\AppData\Roaming\npm-cache correctMkdir not in flight; initializing
304 verbose afterAdd C:\Users\Anurag\AppData\Roaming\npm-cache\passport\0.4.0\package\package.json written
305 silly cache afterAdd mongo@0.1.0
306 verbose afterAdd C:\Users\Anurag\AppData\Roaming\npm-cache\mongo\0.1.0\package\package.json not in flight; writing
307 verbose correctMkdir C:\Users\Anurag\AppData\Roaming\npm-cache correctMkdir not in flight; initializing
308 verbose afterAdd C:\Users\Anurag\AppData\Roaming\npm-cache\kafka-node\2.2.3\package\package.json written
309 verbose afterAdd C:\Users\Anurag\AppData\Roaming\npm-cache\mongo\0.1.0\package\package.json written
310 silly rollbackFailedOptional Starting
311 silly rollbackFailedOptional Finishing
312 silly runTopLevelLifecycles Finishing
313 silly install printInstalled
314 verbose stack Error: Error extracting C:\Users\Anurag\AppData\Roaming\npm-cache\fs\0.0.0\package.tgz archive: ENOENT: no such file or directory, open 'C:\Users\Anurag\AppData\Roaming\npm-cache\fs\0.0.0\package.tgz'
314 verbose stack     at ReadStream.<anonymous> (C:\Program Files\nodejs\node_modules\npm\lib\fetch-package-metadata.js:309:10)
314 verbose stack     at emitOne (events.js:96:13)
314 verbose stack     at ReadStream.emit (events.js:188:7)
314 verbose stack     at C:\Program Files\nodejs\node_modules\npm\node_modules\graceful-fs\graceful-fs.js:190:14
314 verbose stack     at C:\Program Files\nodejs\node_modules\npm\node_modules\graceful-fs\graceful-fs.js:241:16
314 verbose stack     at FSReqWrap.oncomplete (fs.js:123:15)
315 verbose cwd D:\Study\Sem 1\273 Enterprise Distributed Systems\Lab 2\Rohana\Dropbox_with_kafka\Dropbox_with_kafka\kafka-back-end
316 error Windows_NT 10.0.16299
317 error argv "C:\\Program Files\\nodejs\\node.exe" "C:\\Program Files\\nodejs\\node_modules\\npm\\bin\\npm-cli.js" "install"
318 error node v6.11.3
319 error npm  v3.10.10
320 error code EREADFILE
321 error Error extracting C:\Users\Anurag\AppData\Roaming\npm-cache\fs\0.0.0\package.tgz archive: ENOENT: no such file or directory, open 'C:\Users\Anurag\AppData\Roaming\npm-cache\fs\0.0.0\package.tgz'
322 error If you need help, you may report this error at:
322 error     <https://github.com/npm/npm/issues>
323 verbose exit [ 1, true ]
